c:\users\miche\source\repos\assign1\cs408assignment1\debug\vc143.pdb
c:\users\miche\source\repos\assign1\cs408assignment1\debug\vc143.idb
c:\users\miche\source\repos\assign1\cs408assignment1\debug\square.obj
c:\users\miche\source\repos\assign1\cs408assignment1\debug\sparkle.obj
c:\users\miche\source\repos\assign1\cs408assignment1\debug\sleep.obj
c:\users\miche\source\repos\assign1\cs408assignment1\debug\vector3.obj
c:\users\miche\source\repos\assign1\cs408assignment1\debug\vector2.obj
c:\users\miche\source\repos\assign1\cs408assignment1\debug\texturemanager.obj
c:\users\miche\source\repos\assign1\cs408assignment1\debug\texturebmp.obj
c:\users\miche\source\repos\assign1\cs408assignment1\debug\texture.obj
c:\users\miche\source\repos\assign1\cs408assignment1\debug\spritefont.obj
c:\users\miche\source\repos\assign1\cs408assignment1\debug\objstringparsing.obj
c:\users\miche\source\repos\assign1\cs408assignment1\debug\objmodel.obj
c:\users\miche\source\repos\assign1\cs408assignment1\debug\mtllibrarymanager.obj
c:\users\miche\source\repos\assign1\cs408assignment1\debug\mtllibrary.obj
c:\users\miche\source\repos\assign1\cs408assignment1\debug\material.obj
c:\users\miche\source\repos\assign1\cs408assignment1\debug\displaylist.obj
c:\users\miche\source\repos\assign1\cs408assignment1\debug\main.obj
c:\users\miche\source\repos\assign1\cs408assignment1\debug\fountain.obj
c:\users\miche\source\repos\assign1\cs408assignment1\debug\cs408assignment1.ilk
c:\users\miche\source\repos\assign1\cs408assignment1\debug\cs408assignment1.exe
c:\users\miche\source\repos\assign1\cs408assignment1\debug\cs408assignment1.pdb
c:\users\miche\source\repos\assign1\cs408assignment1\debug\cs408assignment1.tlog\cl.command.1.tlog
c:\users\miche\source\repos\assign1\cs408assignment1\debug\cs408assignment1.tlog\cl.read.1.tlog
c:\users\miche\source\repos\assign1\cs408assignment1\debug\cs408assignment1.tlog\cl.write.1.tlog
c:\users\miche\source\repos\assign1\cs408assignment1\debug\cs408assignment1.tlog\link.command.1.tlog
c:\users\miche\source\repos\assign1\cs408assignment1\debug\cs408assignment1.tlog\link.read.1.tlog
c:\users\miche\source\repos\assign1\cs408assignment1\debug\cs408assignment1.tlog\link.write.1.tlog
